
D, [2021-09-01T19:00:05.358216 #75204] DEBUG -- : def create
D, [2021-09-01T19:00:06.110497 #75204] DEBUG -- : def create
D, [2021-09-01T19:00:09.492162 #75204] DEBUG -- : check
D, [2021-09-01T19:00:29.195847 #75204] DEBUG -- : def create
D, [2021-09-01T19:00:29.772148 #75204] DEBUG -- : def create
D, [2021-09-01T19:00:31.310650 #75204] DEBUG -- : def create
D, [2021-09-01T19:00:32.106099 #75204] DEBUG -- : def create
D, [2021-09-01T19:10:11.619754 #75204] DEBUG -- : def create
D, [2021-09-01T19:10:12.394938 #75204] DEBUG -- : def create
D, [2021-09-01T19:11:56.092227 #75204] DEBUG -- : def create
D, [2021-09-01T19:11:56.766085 #75204] DEBUG -- : def create
D, [2021-09-01T19:14:17.671019 #75204] DEBUG -- : issei=>nagaya
D, [2021-09-01T19:14:36.594410 #75204] DEBUG -- : check
D, [2021-09-01T19:14:40.917469 #75204] DEBUG -- : def create
D, [2021-09-01T19:14:41.517624 #75204] DEBUG -- : def create
D, [2021-09-01T19:14:44.859973 #75204] DEBUG -- : issei=>nagaya
D, [2021-09-01T19:14:50.412954 #75204] DEBUG -- : def create
D, [2021-09-01T19:14:50.996983 #75204] DEBUG -- : def create
D, [2021-09-01T19:14:57.121818 #75204] DEBUG -- : nagaya=>issei
D, [2021-09-01T19:15:52.646972 #75204] DEBUG -- : def create
D, [2021-09-01T19:15:53.284777 #75204] DEBUG -- : def create
D, [2021-09-01T19:17:57.279041 #75204] DEBUG -- : check
D, [2021-09-01T19:18:02.699586 #75204] DEBUG -- : def create
D, [2021-09-01T19:18:03.614968 #75204] DEBUG -- : def create
D, [2021-09-01T19:18:12.284361 #75204] DEBUG -- : check
D, [2021-09-01T19:18:23.924968 #75204] DEBUG -- : check
D, [2021-09-01T19:18:29.099257 #75204] DEBUG -- : def create
D, [2021-09-01T19:18:30.002056 #75204] DEBUG -- : def create
D, [2021-09-01T19:18:37.547359 #75204] DEBUG -- : check
D, [2021-09-01T19:18:42.963827 #75204] DEBUG -- : def create
D, [2021-09-01T19:18:44.793950 #75204] DEBUG -- : def create
D, [2021-09-01T19:18:49.266113 #75204] DEBUG -- : issei=>nagaya
D, [2021-09-01T19:38:23.661979 #75204] DEBUG -- : def create
D, [2021-09-01T19:38:24.129048 #75204] DEBUG -- : def create
D, [2021-09-01T19:41:36.972003 #75204] DEBUG -- : def create
D, [2021-09-01T19:41:38.205578 #75204] DEBUG -- : def create
D, [2021-09-01T19:41:58.233811 #75204] DEBUG -- : check
D, [2021-09-01T19:42:30.549625 #75204] DEBUG -- : def create
D, [2021-09-01T19:42:31.094369 #75204] DEBUG -- : def create
D, [2021-09-01T19:42:36.698120 #75204] DEBUG -- : issei=>nagaya
D, [2021-09-01T19:44:32.508320 #75204] DEBUG -- : nagaya=>peppe
D, [2021-09-01T19:46:47.239904 #75204] DEBUG -- : def create
D, [2021-09-01T19:46:47.615115 #75204] DEBUG -- : def create
D, [2021-09-01T19:46:48.052973 #75204] DEBUG -- : def create
D, [2021-09-01T19:46:49.083128 #75204] DEBUG -- : def create
D, [2021-09-01T19:47:18.853517 #75204] DEBUG -- : check
D, [2021-09-01T19:47:32.116014 #75204] DEBUG -- : def create
D, [2021-09-01T19:47:33.122585 #75204] DEBUG -- : def create
D, [2021-09-01T19:47:44.719398 #75204] DEBUG -- : check
D, [2021-09-01T19:47:51.921976 #75204] DEBUG -- : def create
D, [2021-09-01T19:47:53.137934 #75204] DEBUG -- : def create
D, [2021-09-01T19:53:04.454574 #75204] DEBUG -- : def create
D, [2021-09-01T19:53:05.030449 #75204] DEBUG -- : def create
D, [2021-09-01T19:53:12.817244 #75204] DEBUG -- : issei=>peppe
D, [2021-09-01T19:53:20.341564 #75204] DEBUG -- : def create
D, [2021-09-01T19:53:20.967467 #75204] DEBUG -- : def create
D, [2021-09-01T19:53:25.852895 #75204] DEBUG -- : check
D, [2021-09-01T19:53:32.401143 #75204] DEBUG -- : def create
D, [2021-09-01T19:53:33.686097 #75204] DEBUG -- : def create
D, [2021-09-01T19:53:37.064723 #75204] DEBUG -- : peppe=>issei
D, [2021-09-01T20:05:59.137272 #75204] DEBUG -- : peppe=>nagaya
D, [2021-09-01T21:07:17.325558 #75204] DEBUG -- : def create
D, [2021-09-01T21:07:38.894243 #75204] DEBUG -- : check
D, [2021-09-01T21:07:45.435530 #75204] DEBUG -- : def create
D, [2021-09-01T21:12:18.036422 #75204] DEBUG -- : def create
D, [2021-09-01T21:19:18.359682 #75204] DEBUG -- : def create
D, [2021-09-01T21:19:26.470812 #75204] DEBUG -- : def create_test
D, [2021-09-01T21:19:59.957415 #75204] DEBUG -- : def create
D, [2021-09-01T21:20:09.712361 #75204] DEBUG -- : def create
D, [2021-09-01T21:20:22.570117 #75204] DEBUG -- : def create
D, [2021-09-01T21:21:15.957330 #75204] DEBUG -- : def create
D, [2021-09-01T21:24:52.871904 #75204] DEBUG -- : check
D, [2021-09-01T21:25:19.075861 #75204] DEBUG -- : def create
D, [2021-09-01T21:25:19.676059 #75204] DEBUG -- : def create
D, [2021-09-01T21:25:52.285650 #75204] DEBUG -- : def create
D, [2021-09-01T21:25:55.169579 #75204] DEBUG -- : def create
D, [2021-09-01T21:25:56.287471 #75204] DEBUG -- : def create
D, [2021-09-01T21:25:57.867985 #75204] DEBUG -- : def create
D, [2021-09-01T21:25:58.656396 #75204] DEBUG -- : def create
D, [2021-09-01T21:25:59.531218 #75204] DEBUG -- : def create
D, [2021-09-01T21:26:00.059985 #75204] DEBUG -- : def create
D, [2021-09-01T21:26:00.457592 #75204] DEBUG -- : def create
D, [2021-09-01T21:26:17.560675 #75204] DEBUG -- : def create
D, [2021-09-01T21:26:18.027937 #75204] DEBUG -- : def create
D, [2021-09-02T01:08:06.950835 #72556] DEBUG -- : check
D, [2021-09-02T01:09:36.443333 #72556] DEBUG -- : def create
D, [2021-09-02T01:09:36.942839 #72556] DEBUG -- : def create
D, [2021-09-02T01:09:39.679412 #72556] DEBUG -- : issei=>nagaya
D, [2021-09-02T01:11:42.905680 #72556] DEBUG -- : check
D, [2021-09-02T01:11:45.631782 #72556] DEBUG -- : def create
D, [2021-09-02T01:11:46.215276 #72556] DEBUG -- : def create
D, [2021-09-02T01:12:55.034987 #72556] DEBUG -- : issei=>nagaya
D, [2021-09-02T01:19:39.370199 #72556] DEBUG -- : nagaya=>peppe
D, [2021-09-02T01:19:41.950197 #72556] DEBUG -- : issei=>peppe
D, [2021-09-02T01:20:07.468784 #72556] DEBUG -- : check
D, [2021-09-02T01:33:49.727435 #72556] DEBUG -- : def create
D, [2021-09-02T01:33:50.232168 #72556] DEBUG -- : def create
D, [2021-09-02T01:33:52.412597 #72556] DEBUG -- : issei=>peppe
D, [2021-09-02T01:34:02.082061 #72556] DEBUG -- : check
D, [2021-09-02T01:34:11.253895 #72556] DEBUG -- : def create
D, [2021-09-02T01:34:11.805590 #72556] DEBUG -- : def create
D, [2021-09-02T01:34:17.668754 #72556] DEBUG -- : issei=>peppe
D, [2021-09-02T01:34:19.446143 #72556] DEBUG -- : issei=>peppe
D, [2021-09-02T01:35:19.160850 #72556] DEBUG -- : check
D, [2021-09-02T01:35:24.031942 #72556] DEBUG -- : def create
D, [2021-09-02T01:35:27.116282 #72556] DEBUG -- : def create
D, [2021-09-02T01:35:33.108940 #72556] DEBUG -- : nagaya=>peppe
D, [2021-09-02T01:53:07.014602 #72556] DEBUG -- : def create
D, [2021-09-02T01:53:09.621534 #72556] DEBUG -- : def create
D, [2021-09-02T01:53:14.035140 #72556] DEBUG -- : test=>issei
D, [2021-09-02T01:53:17.464529 #72556] DEBUG -- : def create
D, [2021-09-02T01:53:19.547651 #72556] DEBUG -- : def create
D, [2021-09-02T01:53:21.462899 #72556] DEBUG -- : def create
D, [2021-09-02T01:53:24.674803 #72556] DEBUG -- : issei=>test
D, [2021-09-02T15:31:50.558859 #57556] DEBUG -- : check
D, [2021-09-02T15:32:13.304544 #57556] DEBUG -- : def create
D, [2021-09-02T15:32:13.849863 #57556] DEBUG -- : def create
D, [2021-09-02T15:32:35.902161 #57556] DEBUG -- : nagaya=>peppe
D, [2021-09-02T15:34:42.875743 #57556] DEBUG -- : check
D, [2021-09-02T15:53:25.877101 #57556] DEBUG -- : peppe=>anami
D, [2021-09-02T15:56:14.422129 #57556] DEBUG -- : check
D, [2021-09-02T15:56:35.943509 #57556] DEBUG -- : def create
D, [2021-09-02T15:56:36.432936 #57556] DEBUG -- : def create
D, [2021-09-02T16:04:12.433706 #57556] DEBUG -- : issei=>anami
D, [2021-09-02T16:04:14.252693 #57556] DEBUG -- : nagaya=>anami
D, [2021-09-02T16:04:50.635731 #57556] DEBUG -- : def create
D, [2021-09-02T16:04:51.070246 #57556] DEBUG -- : def create
D, [2021-09-02T16:04:55.099896 #57556] DEBUG -- : anami=>peppe
D, [2021-09-02T17:48:35.823470 #57556] DEBUG -- : check
D, [2021-09-02T17:48:54.182957 #57556] DEBUG -- : def create
D, [2021-09-02T17:48:54.833115 #57556] DEBUG -- : def create
D, [2021-09-02T17:48:59.807217 #57556] DEBUG -- : anami=>nagaya
D, [2021-09-02T17:49:08.041163 #57556] DEBUG -- : def create
D, [2021-09-02T17:49:08.586926 #57556] DEBUG -- : def create
D, [2021-09-02T17:49:14.624475 #57556] DEBUG -- : check
D, [2021-09-02T18:00:10.017204 #57556] DEBUG -- : def create
D, [2021-09-02T18:00:10.536314 #57556] DEBUG -- : def create
D, [2021-09-02T18:00:12.187932 #57556] DEBUG -- : nagaya=>anami
D, [2021-09-02T18:02:07.352231 #57556] DEBUG -- : check
D, [2021-09-02T20:13:34.593277 #57556] DEBUG -- : check
D, [2021-09-03T00:08:28.002624 #106604] DEBUG -- : check
D, [2021-09-03T00:08:51.435992 #106604] DEBUG -- : def create
D, [2021-09-03T00:08:53.987513 #106604] DEBUG -- : def create
D, [2021-09-03T00:09:03.109022 #106604] DEBUG -- : peppe=>nagaya
D, [2021-09-05T15:20:29.794661 #5808] DEBUG -- : test
D, [2021-09-05T15:20:36.510575 #5808] DEBUG -- : test
D, [2021-09-05T15:20:38.255678 #5808] DEBUG -- : test
D, [2021-09-05T15:20:38.892486 #5808] DEBUG -- : test
D, [2021-09-05T15:21:32.739492 #5808] DEBUG -- : test
D, [2021-09-05T15:23:24.813358 #5808] DEBUG -- : test
D, [2021-09-05T15:23:24.813617 #5808] DEBUG -- : nil
D, [2021-09-05T15:23:43.786849 #5808] DEBUG -- : test
D, [2021-09-05T15:24:10.275875 #5808] DEBUG -- : test
D, [2021-09-05T18:20:54.489694 #117256] DEBUG -- : def create
D, [2021-09-05T18:25:46.191430 #117256] DEBUG -- : def create
D, [2021-09-05T18:28:34.730978 #117256] DEBUG -- : def create
D, [2021-09-05T18:28:51.851030 #117256] DEBUG -- : def create
D, [2021-09-05T18:29:06.505708 #117256] DEBUG -- : def create
D, [2021-09-05T18:30:48.360933 #117256] DEBUG -- : def create
D, [2021-09-05T18:39:41.711037 #117256] DEBUG -- : def create
D, [2021-09-05T18:53:52.580132 #117256] DEBUG -- : check
D, [2021-09-05T18:56:07.257115 #117256] DEBUG -- : def create
D, [2021-09-05T19:09:28.886573 #117256] DEBUG -- : 1
D, [2021-09-05T19:13:28.774132 #117256] DEBUG -- : check
D, [2021-09-05T19:13:38.038344 #117256] DEBUG -- : def create
D, [2021-09-05T19:15:22.916050 #117256] DEBUG -- : check
D, [2021-09-05T19:15:31.668062 #117256] DEBUG -- : def create
D, [2021-09-05T19:15:33.509261 #117256] DEBUG -- : def create
D, [2021-09-05T20:06:57.339266 #101892] DEBUG -- : def create
D, [2021-09-05T20:06:59.077258 #101892] DEBUG -- : def create
