# Logfile created on 2021-08-31 16:29:53 +0900 by logger.rb/v1.4.2
D, [2021-08-31T16:29:53.879739 #11032] DEBUG -- : 0
D, [2021-08-31T16:30:37.851466 #11032] DEBUG -- : 0
D, [2021-08-31T16:31:11.421376 #11032] DEBUG -- : 0
D, [2021-08-31T16:32:03.268618 #11032] DEBUG -- : 0
D, [2021-08-31T16:32:37.529838 #11032] DEBUG -- : 0
D, [2021-08-31T16:33:50.203665 #11032] DEBUG -- : anami
D, [2021-08-31T16:34:30.242427 #11032] DEBUG -- : anami
D, [2021-08-31T16:34:54.094781 #11032] DEBUG -- : peppe
D, [2021-08-31T17:02:53.018370 #11032] DEBUG -- : {"userid"=>"issei", "action"=>"speak"}
D, [2021-08-31T17:03:14.386368 #11032] DEBUG -- : {"userid"=>"issei", "action"=>"speak"}
D, [2021-08-31T17:04:26.780727 #11032] DEBUG -- : {"userid"=>"issei", "friendid"=>"anami", "request"=>true, "allow"=>false, "i"=>1, "action"=>"speak"}
D, [2021-08-31T17:05:36.822997 #11032] DEBUG -- : {"userid"=>"issei", "friendid"=>"peppe", "request"=>true, "allow"=>false, "i"=>1, "action"=>"speak"}
D, [2021-08-31T17:08:32.294302 #11032] DEBUG -- : {"userid"=>"issei", "friendid"=>"peppe", "request"=>true, "allow"=>false, "i"=>1, "action"=>"speak"}
D, [2021-08-31T17:08:32.529372 #11032] DEBUG -- : #<Friend id: 103, userid: "issei", friendid: "peppe", request: true, allow: false, roomid: nil, created_at: "2021-08-31 08:08:32.295793000 +0000", updated_at: "2021-08-31 08:08:32.295793000 +0000">
D, [2021-08-31T17:10:26.784928 #11032] DEBUG -- : {"userid"=>"issei", "friendid"=>"peppe", "request"=>true, "allow"=>false, "i"=>1, "action"=>"speak"}
D, [2021-08-31T17:10:27.019781 #11032] DEBUG -- : #<Friend id: 104, userid: "issei", friendid: "peppe", request: true, allow: false, roomid: nil, created_at: "2021-08-31 08:10:26.786078000 +0000", updated_at: "2021-08-31 08:10:26.786078000 +0000">
D, [2021-08-31T17:11:55.221521 #11032] DEBUG -- : {"userid"=>"issei", "friendid"=>"peppe", "request"=>true, "allow"=>false, "i"=>1, "action"=>"speak"}
D, [2021-08-31T17:11:55.328931 #11032] DEBUG -- : #<Friend id: 105, userid: "issei", friendid: "peppe", request: true, allow: false, roomid: nil, created_at: "2021-08-31 08:11:55.222783000 +0000", updated_at: "2021-08-31 08:11:55.222783000 +0000">
D, [2021-08-31T17:13:43.332947 #11032] DEBUG -- : {"userid"=>"issei", "friendid"=>"peppe", "request"=>true, "allow"=>false, "i"=>1, "action"=>"speak"}
D, [2021-08-31T17:13:43.441729 #11032] DEBUG -- : #<Friend id: 106, userid: "issei", friendid: "peppe", request: true, allow: false, roomid: nil, created_at: "2021-08-31 08:13:43.334270000 +0000", updated_at: "2021-08-31 08:13:43.334270000 +0000">
D, [2021-08-31T17:14:15.460902 #11032] DEBUG -- : {"userid"=>"issei", "friendid"=>"nagaya", "request"=>true, "allow"=>false, "i"=>1, "action"=>"speak"}
D, [2021-08-31T17:14:15.557130 #11032] DEBUG -- : #<Friend id: 107, userid: "issei", friendid: "nagaya", request: true, allow: false, roomid: nil, created_at: "2021-08-31 08:14:15.462120000 +0000", updated_at: "2021-08-31 08:14:15.462120000 +0000">
D, [2021-08-31T17:18:21.426309 #11032] DEBUG -- : {"userid"=>"issei", "friendid"=>"nagaya", "request"=>true, "allow"=>false, "i"=>1, "action"=>"speak"}
D, [2021-08-31T17:18:21.670694 #11032] DEBUG -- : #<Friend id: 108, userid: "issei", friendid: "nagaya", request: true, allow: false, roomid: nil, created_at: "2021-08-31 08:18:21.427838000 +0000", updated_at: "2021-08-31 08:18:21.427838000 +0000">
D, [2021-08-31T17:18:21.671182 #11032] DEBUG -- : #<Friend id: 108, userid: "issei", friendid: "nagaya", request: true, allow: false, roomid: nil, created_at: "2021-08-31 08:18:21.427838000 +0000", updated_at: "2021-08-31 08:18:21.427838000 +0000">
D, [2021-08-31T17:21:17.176429 #11032] DEBUG -- : {"userid"=>"issei", "friendid"=>"nagaya", "request"=>true, "allow"=>false, "i"=>1, "action"=>"speak"}
D, [2021-08-31T17:21:17.276497 #11032] DEBUG -- : #<Friend id: 109, userid: "issei", friendid: "nagaya", request: true, allow: false, roomid: nil, created_at: "2021-08-31 08:21:17.177771000 +0000", updated_at: "2021-08-31 08:21:17.177771000 +0000">
D, [2021-08-31T17:21:17.277206 #11032] DEBUG -- : #<Friend id: 109, userid: "issei", friendid: "nagaya", request: true, allow: false, roomid: nil, created_at: "2021-08-31 08:21:17.177771000 +0000", updated_at: "2021-08-31 08:21:17.177771000 +0000">
D, [2021-08-31T17:25:58.509887 #74228] DEBUG -- : {"userid"=>"issei", "friendid"=>"anami", "request"=>true, "allow"=>false, "i"=>1, "action"=>"speak"}
D, [2021-08-31T17:25:58.808316 #74228] DEBUG -- : #<Friend id: 110, userid: "issei", friendid: "anami", request: true, allow: false, roomid: nil, created_at: "2021-08-31 08:25:58.513823000 +0000", updated_at: "2021-08-31 08:25:58.513823000 +0000">
D, [2021-08-31T17:25:58.808883 #74228] DEBUG -- : #<Friend id: 110, userid: "issei", friendid: "anami", request: true, allow: false, roomid: nil, created_at: "2021-08-31 08:25:58.513823000 +0000", updated_at: "2021-08-31 08:25:58.513823000 +0000">
D, [2021-08-31T17:26:29.160140 #74228] DEBUG -- : {"userid"=>"issei", "friendid"=>"peppe", "request"=>true, "allow"=>false, "i"=>1, "action"=>"speak"}
D, [2021-08-31T17:26:29.271848 #74228] DEBUG -- : #<Friend id: 111, userid: "issei", friendid: "peppe", request: true, allow: false, roomid: nil, created_at: "2021-08-31 08:26:29.161292000 +0000", updated_at: "2021-08-31 08:26:29.161292000 +0000">
D, [2021-08-31T17:26:29.272814 #74228] DEBUG -- : #<Friend id: 111, userid: "issei", friendid: "peppe", request: true, allow: false, roomid: nil, created_at: "2021-08-31 08:26:29.161292000 +0000", updated_at: "2021-08-31 08:26:29.161292000 +0000">
D, [2021-08-31T17:29:16.332371 #74228] DEBUG -- : {"userid"=>"issei", "friendid"=>"nagaya", "request"=>true, "allow"=>false, "i"=>1, "action"=>"speak"}
D, [2021-08-31T17:29:16.447790 #74228] DEBUG -- : #<Friend id: 112, userid: "issei", friendid: "nagaya", request: true, allow: false, roomid: nil, created_at: "2021-08-31 08:29:16.335067000 +0000", updated_at: "2021-08-31 08:29:16.335067000 +0000">
D, [2021-08-31T17:29:16.448317 #74228] DEBUG -- : #<Friend id: 112, userid: "issei", friendid: "nagaya", request: true, allow: false, roomid: nil, created_at: "2021-08-31 08:29:16.335067000 +0000", updated_at: "2021-08-31 08:29:16.335067000 +0000">
D, [2021-08-31T17:30:12.047012 #74228] DEBUG -- : {"userid"=>"issei", "friendid"=>"peppe", "request"=>true, "allow"=>false, "i"=>1, "action"=>"speak"}
D, [2021-08-31T17:30:12.150225 #74228] DEBUG -- : #<Friend id: 113, userid: "issei", friendid: "peppe", request: true, allow: false, roomid: nil, created_at: "2021-08-31 08:30:12.048152000 +0000", updated_at: "2021-08-31 08:30:12.048152000 +0000">
D, [2021-08-31T17:30:12.150690 #74228] DEBUG -- : #<Friend id: 113, userid: "issei", friendid: "peppe", request: true, allow: false, roomid: nil, created_at: "2021-08-31 08:30:12.048152000 +0000", updated_at: "2021-08-31 08:30:12.048152000 +0000">
D, [2021-08-31T17:30:16.404005 #74228] DEBUG -- : {"userid"=>"issei", "friendid"=>"nagaya", "request"=>true, "allow"=>false, "i"=>1, "action"=>"speak"}
D, [2021-08-31T17:30:16.507018 #74228] DEBUG -- : #<Friend id: 114, userid: "issei", friendid: "nagaya", request: true, allow: false, roomid: nil, created_at: "2021-08-31 08:30:16.404972000 +0000", updated_at: "2021-08-31 08:30:16.404972000 +0000">
D, [2021-08-31T17:30:16.508168 #74228] DEBUG -- : #<Friend id: 114, userid: "issei", friendid: "nagaya", request: true, allow: false, roomid: nil, created_at: "2021-08-31 08:30:16.404972000 +0000", updated_at: "2021-08-31 08:30:16.404972000 +0000">
D, [2021-08-31T17:30:38.007539 #74228] DEBUG -- : {"userid"=>"issei", "friendid"=>"anami", "request"=>true, "allow"=>false, "i"=>1, "action"=>"speak"}
D, [2021-08-31T17:30:38.110147 #74228] DEBUG -- : #<Friend id: 115, userid: "issei", friendid: "anami", request: true, allow: false, roomid: nil, created_at: "2021-08-31 08:30:38.008740000 +0000", updated_at: "2021-08-31 08:30:38.008740000 +0000">
D, [2021-08-31T17:30:38.110630 #74228] DEBUG -- : #<Friend id: 115, userid: "issei", friendid: "anami", request: true, allow: false, roomid: nil, created_at: "2021-08-31 08:30:38.008740000 +0000", updated_at: "2021-08-31 08:30:38.008740000 +0000">
D, [2021-08-31T17:37:58.047817 #74228] DEBUG -- : {"userid"=>"issei", "friendid"=>"peppe", "request"=>true, "allow"=>false, "i"=>1, "action"=>"speak"}
D, [2021-08-31T17:37:58.159863 #74228] DEBUG -- : #<Friend id: 116, userid: "issei", friendid: "peppe", request: true, allow: false, roomid: nil, created_at: "2021-08-31 08:37:58.048969000 +0000", updated_at: "2021-08-31 08:37:58.048969000 +0000">
D, [2021-08-31T17:37:58.160335 #74228] DEBUG -- : #<Friend id: 116, userid: "issei", friendid: "peppe", request: true, allow: false, roomid: nil, created_at: "2021-08-31 08:37:58.048969000 +0000", updated_at: "2021-08-31 08:37:58.048969000 +0000">
D, [2021-08-31T17:38:43.344704 #74228] DEBUG -- : {"userid"=>"issei", "friendid"=>"nagaya", "request"=>true, "allow"=>false, "i"=>1, "action"=>"speak"}
D, [2021-08-31T17:38:43.459064 #74228] DEBUG -- : #<Friend id: 117, userid: "issei", friendid: "nagaya", request: true, allow: false, roomid: nil, created_at: "2021-08-31 08:38:43.345868000 +0000", updated_at: "2021-08-31 08:38:43.345868000 +0000">
D, [2021-08-31T17:38:43.459587 #74228] DEBUG -- : #<Friend id: 117, userid: "issei", friendid: "nagaya", request: true, allow: false, roomid: nil, created_at: "2021-08-31 08:38:43.345868000 +0000", updated_at: "2021-08-31 08:38:43.345868000 +0000">
D, [2021-08-31T17:39:09.754306 #74228] DEBUG -- : {"userid"=>"issei", "friendid"=>"anami", "request"=>true, "allow"=>false, "i"=>1, "action"=>"speak"}
D, [2021-08-31T17:39:09.867935 #74228] DEBUG -- : #<Friend id: 118, userid: "issei", friendid: "anami", request: true, allow: false, roomid: nil, created_at: "2021-08-31 08:39:09.755805000 +0000", updated_at: "2021-08-31 08:39:09.755805000 +0000">
D, [2021-08-31T17:39:09.868411 #74228] DEBUG -- : #<Friend id: 118, userid: "issei", friendid: "anami", request: true, allow: false, roomid: nil, created_at: "2021-08-31 08:39:09.755805000 +0000", updated_at: "2021-08-31 08:39:09.755805000 +0000">
D, [2021-08-31T17:40:00.837540 #74228] DEBUG -- : {"userid"=>"issei", "friendid"=>"anami", "request"=>true, "allow"=>false, "i"=>1, "action"=>"speak"}
D, [2021-08-31T17:40:00.946676 #74228] DEBUG -- : #<Friend id: 119, userid: "issei", friendid: "anami", request: true, allow: false, roomid: nil, created_at: "2021-08-31 08:40:00.838308000 +0000", updated_at: "2021-08-31 08:40:00.838308000 +0000">
D, [2021-08-31T17:40:00.947127 #74228] DEBUG -- : #<Friend id: 119, userid: "issei", friendid: "anami", request: true, allow: false, roomid: nil, created_at: "2021-08-31 08:40:00.838308000 +0000", updated_at: "2021-08-31 08:40:00.838308000 +0000">
D, [2021-08-31T17:41:44.202215 #74228] DEBUG -- : {"userid"=>"issei", "friendid"=>"anami", "request"=>true, "allow"=>false, "i"=>1, "action"=>"speak"}
D, [2021-08-31T17:41:44.321793 #74228] DEBUG -- : #<Friend id: 120, userid: "issei", friendid: "anami", request: true, allow: false, roomid: nil, created_at: "2021-08-31 08:41:44.203575000 +0000", updated_at: "2021-08-31 08:41:44.203575000 +0000">
D, [2021-08-31T17:41:44.322655 #74228] DEBUG -- : #<Friend id: 120, userid: "issei", friendid: "anami", request: true, allow: false, roomid: nil, created_at: "2021-08-31 08:41:44.203575000 +0000", updated_at: "2021-08-31 08:41:44.203575000 +0000">
D, [2021-08-31T17:42:17.604508 #74228] DEBUG -- : {"userid"=>"issei", "friendid"=>"peppe", "request"=>true, "allow"=>false, "i"=>1, "action"=>"speak"}
D, [2021-08-31T17:42:17.709321 #74228] DEBUG -- : #<Friend id: 121, userid: "issei", friendid: "peppe", request: true, allow: false, roomid: nil, created_at: "2021-08-31 08:42:17.605520000 +0000", updated_at: "2021-08-31 08:42:17.605520000 +0000">
D, [2021-08-31T17:42:17.709781 #74228] DEBUG -- : #<Friend id: 121, userid: "issei", friendid: "peppe", request: true, allow: false, roomid: nil, created_at: "2021-08-31 08:42:17.605520000 +0000", updated_at: "2021-08-31 08:42:17.605520000 +0000">
D, [2021-08-31T17:42:24.933718 #74228] DEBUG -- : {"userid"=>"issei", "friendid"=>"peppe", "request"=>true, "allow"=>false, "i"=>1, "action"=>"speak"}
D, [2021-08-31T17:42:25.033442 #74228] DEBUG -- : #<Friend id: 122, userid: "issei", friendid: "peppe", request: true, allow: false, roomid: nil, created_at: "2021-08-31 08:42:24.934795000 +0000", updated_at: "2021-08-31 08:42:24.934795000 +0000">
D, [2021-08-31T17:42:25.033967 #74228] DEBUG -- : #<Friend id: 122, userid: "issei", friendid: "peppe", request: true, allow: false, roomid: nil, created_at: "2021-08-31 08:42:24.934795000 +0000", updated_at: "2021-08-31 08:42:24.934795000 +0000">
D, [2021-08-31T17:42:28.451753 #74228] DEBUG -- : {"userid"=>"issei", "friendid"=>"nagaya", "request"=>true, "allow"=>false, "i"=>1, "action"=>"speak"}
D, [2021-08-31T17:42:28.554987 #74228] DEBUG -- : #<Friend id: 123, userid: "issei", friendid: "nagaya", request: true, allow: false, roomid: nil, created_at: "2021-08-31 08:42:28.452860000 +0000", updated_at: "2021-08-31 08:42:28.452860000 +0000">
D, [2021-08-31T17:42:28.555871 #74228] DEBUG -- : #<Friend id: 123, userid: "issei", friendid: "nagaya", request: true, allow: false, roomid: nil, created_at: "2021-08-31 08:42:28.452860000 +0000", updated_at: "2021-08-31 08:42:28.452860000 +0000">
D, [2021-08-31T17:42:52.266447 #74228] DEBUG -- : {"userid"=>"issei", "friendid"=>"nagaya", "request"=>true, "allow"=>false, "i"=>1, "action"=>"speak"}
D, [2021-08-31T17:42:52.389818 #74228] DEBUG -- : #<Friend id: 124, userid: "issei", friendid: "nagaya", request: true, allow: false, roomid: nil, created_at: "2021-08-31 08:42:52.267437000 +0000", updated_at: "2021-08-31 08:42:52.267437000 +0000">
D, [2021-08-31T17:42:52.390422 #74228] DEBUG -- : #<Friend id: 124, userid: "issei", friendid: "nagaya", request: true, allow: false, roomid: nil, created_at: "2021-08-31 08:42:52.267437000 +0000", updated_at: "2021-08-31 08:42:52.267437000 +0000">
D, [2021-08-31T17:44:14.415929 #74228] DEBUG -- : {"userid"=>"issei", "friendid"=>"anami", "request"=>true, "allow"=>false, "i"=>1, "action"=>"speak"}
D, [2021-08-31T17:44:14.520301 #74228] DEBUG -- : #<Friend id: 125, userid: "issei", friendid: "anami", request: true, allow: false, roomid: nil, created_at: "2021-08-31 08:44:14.416909000 +0000", updated_at: "2021-08-31 08:44:14.416909000 +0000">
D, [2021-08-31T17:44:14.520759 #74228] DEBUG -- : #<Friend id: 125, userid: "issei", friendid: "anami", request: true, allow: false, roomid: nil, created_at: "2021-08-31 08:44:14.416909000 +0000", updated_at: "2021-08-31 08:44:14.416909000 +0000">
D, [2021-08-31T17:55:39.874338 #27368] DEBUG -- : {"userid"=>"issei", "friendid"=>"peppe", "request"=>true, "allow"=>false, "i"=>1, "action"=>"speak"}
D, [2021-08-31T17:55:40.286549 #27368] DEBUG -- : #<Friend id: 126, userid: "issei", friendid: "peppe", request: true, allow: false, roomid: nil, created_at: "2021-08-31 08:55:39.880552000 +0000", updated_at: "2021-08-31 08:55:39.880552000 +0000">
D, [2021-08-31T17:55:40.287473 #27368] DEBUG -- : te
D, [2021-08-31T17:55:40.287863 #27368] DEBUG -- : #<Friend id: 126, userid: "issei", friendid: "peppe", request: true, allow: false, roomid: nil, created_at: "2021-08-31 08:55:39.880552000 +0000", updated_at: "2021-08-31 08:55:39.880552000 +0000">
D, [2021-08-31T17:56:44.644340 #27368] DEBUG -- : {"userid"=>"issei", "friendid"=>"peppe", "request"=>true, "allow"=>false, "i"=>1, "action"=>"speak"}
D, [2021-08-31T17:56:44.888979 #27368] DEBUG -- : #<Friend id: 127, userid: "issei", friendid: "peppe", request: true, allow: false, roomid: nil, created_at: "2021-08-31 08:56:44.645556000 +0000", updated_at: "2021-08-31 08:56:44.645556000 +0000">
D, [2021-08-31T17:56:44.889424 #27368] DEBUG -- : te
D, [2021-08-31T17:56:44.889637 #27368] DEBUG -- : issei
D, [2021-08-31T17:57:44.551039 #27368] DEBUG -- : {"userid"=>"issei", "friendid"=>"peppe", "request"=>true, "allow"=>false, "i"=>1, "action"=>"speak"}
D, [2021-08-31T17:57:44.801199 #27368] DEBUG -- : #<Friend id: 128, userid: "issei", friendid: "peppe", request: true, allow: false, roomid: nil, created_at: "2021-08-31 08:57:44.552492000 +0000", updated_at: "2021-08-31 08:57:44.552492000 +0000">
D, [2021-08-31T17:57:44.801813 #27368] DEBUG -- : te
D, [2021-08-31T17:57:44.802174 #27368] DEBUG -- : issei
D, [2021-08-31T17:59:01.247811 #27368] DEBUG -- : {"userid"=>"issei", "friendid"=>"nagaya", "request"=>true, "allow"=>false, "i"=>1, "action"=>"speak"}
D, [2021-08-31T17:59:01.344142 #27368] DEBUG -- : #<Friend id: 129, userid: "issei", friendid: "nagaya", request: true, allow: false, roomid: nil, created_at: "2021-08-31 08:59:01.248979000 +0000", updated_at: "2021-08-31 08:59:01.248979000 +0000">
D, [2021-08-31T17:59:01.344511 #27368] DEBUG -- : te
D, [2021-08-31T17:59:01.344769 #27368] DEBUG -- : issei
D, [2021-08-31T18:00:18.134693 #27368] DEBUG -- : {"userid"=>"issei", "friendid"=>"nagaya", "request"=>true, "allow"=>false, "i"=>1, "action"=>"speak"}
D, [2021-08-31T18:00:18.391960 #27368] DEBUG -- : #<Friend id: 130, userid: "issei", friendid: "nagaya", request: true, allow: false, roomid: nil, created_at: "2021-08-31 09:00:18.135786000 +0000", updated_at: "2021-08-31 09:00:18.135786000 +0000">
D, [2021-08-31T18:00:18.392429 #27368] DEBUG -- : te
D, [2021-08-31T18:00:18.392626 #27368] DEBUG -- : issei
D, [2021-08-31T18:00:42.238295 #27368] DEBUG -- : {"userid"=>"issei", "friendid"=>"anami", "request"=>true, "allow"=>false, "i"=>1, "action"=>"speak"}
D, [2021-08-31T18:00:42.334857 #27368] DEBUG -- : #<Friend id: 131, userid: "issei", friendid: "anami", request: true, allow: false, roomid: nil, created_at: "2021-08-31 09:00:42.239383000 +0000", updated_at: "2021-08-31 09:00:42.239383000 +0000">
D, [2021-08-31T18:00:42.335364 #27368] DEBUG -- : te
D, [2021-08-31T18:00:42.335582 #27368] DEBUG -- : issei
D, [2021-08-31T18:01:12.873298 #27368] DEBUG -- : {"userid"=>"issei", "friendid"=>"anami", "request"=>true, "allow"=>false, "i"=>1, "action"=>"speak"}
D, [2021-08-31T18:01:13.119614 #27368] DEBUG -- : #<Friend id: 132, userid: "issei", friendid: "anami", request: true, allow: false, roomid: nil, created_at: "2021-08-31 09:01:12.874287000 +0000", updated_at: "2021-08-31 09:01:12.874287000 +0000">
D, [2021-08-31T18:01:13.120364 #27368] DEBUG -- : te
D, [2021-08-31T18:01:13.120735 #27368] DEBUG -- : issei
D, [2021-08-31T18:01:13.129287 #27368] DEBUG -- : issei
D, [2021-08-31T18:01:17.896034 #27368] DEBUG -- : {"userid"=>"issei", "friendid"=>"peppe", "request"=>true, "allow"=>false, "i"=>1, "action"=>"speak"}
D, [2021-08-31T18:01:17.999929 #27368] DEBUG -- : #<Friend id: 133, userid: "issei", friendid: "peppe", request: true, allow: false, roomid: nil, created_at: "2021-08-31 09:01:17.896939000 +0000", updated_at: "2021-08-31 09:01:17.896939000 +0000">
D, [2021-08-31T18:01:18.000253 #27368] DEBUG -- : te
D, [2021-08-31T18:01:18.000436 #27368] DEBUG -- : issei
D, [2021-08-31T18:01:18.001170 #27368] DEBUG -- : issei
D, [2021-08-31T18:02:12.181146 #27368] DEBUG -- : {"userid"=>"issei", "friendid"=>"nagaya", "request"=>true, "allow"=>false, "i"=>1, "action"=>"speak"}
D, [2021-08-31T18:02:12.276566 #27368] DEBUG -- : #<Friend id: 134, userid: "issei", friendid: "nagaya", request: true, allow: false, roomid: nil, created_at: "2021-08-31 09:02:12.182624000 +0000", updated_at: "2021-08-31 09:02:12.182624000 +0000">
D, [2021-08-31T18:02:12.277278 #27368] DEBUG -- : te
D, [2021-08-31T18:02:12.277708 #27368] DEBUG -- : issei
D, [2021-08-31T18:02:12.280181 #27368] DEBUG -- : issei
D, [2021-08-31T18:02:41.238256 #27368] DEBUG -- : {"userid"=>"issei", "friendid"=>"anami", "request"=>true, "allow"=>false, "i"=>1, "action"=>"speak"}
D, [2021-08-31T18:02:41.334949 #27368] DEBUG -- : #<Friend id: 135, userid: "issei", friendid: "anami", request: true, allow: false, roomid: nil, created_at: "2021-08-31 09:02:41.239370000 +0000", updated_at: "2021-08-31 09:02:41.239370000 +0000">
D, [2021-08-31T18:02:41.335534 #27368] DEBUG -- : te
D, [2021-08-31T18:02:41.335862 #27368] DEBUG -- : issei
D, [2021-08-31T18:02:41.337811 #27368] DEBUG -- : issei
D, [2021-08-31T18:04:02.417906 #27368] DEBUG -- : {"userid"=>"issei", "friendid"=>"peppe", "request"=>true, "allow"=>false, "i"=>1, "action"=>"speak"}
D, [2021-08-31T18:04:02.516058 #27368] DEBUG -- : #<Friend id: 136, userid: "issei", friendid: "peppe", request: true, allow: false, roomid: nil, created_at: "2021-08-31 09:04:02.419085000 +0000", updated_at: "2021-08-31 09:04:02.419085000 +0000">
D, [2021-08-31T18:04:02.516882 #27368] DEBUG -- : te
D, [2021-08-31T18:04:02.517292 #27368] DEBUG -- : issei
D, [2021-08-31T18:19:36.716483 #27368] DEBUG -- : {"userid"=>"peppe", "friendid"=>"anami", "request"=>true, "allow"=>false, "i"=>1, "action"=>"speak"}
D, [2021-08-31T18:19:36.822645 #27368] DEBUG -- : #<Friend id: 137, userid: "peppe", friendid: "anami", request: true, allow: false, roomid: nil, created_at: "2021-08-31 09:19:36.717430000 +0000", updated_at: "2021-08-31 09:19:36.717430000 +0000">
D, [2021-08-31T18:19:36.823091 #27368] DEBUG -- : te
D, [2021-08-31T18:19:36.823570 #27368] DEBUG -- : peppe
D, [2021-08-31T18:19:58.200122 #27368] DEBUG -- : {"userid"=>"peppe", "friendid"=>"anami", "i"=>0, "action"=>"speak"}
D, [2021-08-31T18:20:05.475482 #27368] DEBUG -- : {"userid"=>"peppe", "friendid"=>"anami", "i"=>0, "action"=>"speak"}
D, [2021-08-31T18:20:20.778957 #27368] DEBUG -- : {"userid"=>"peppe", "friendid"=>"anami", "i"=>0, "action"=>"speak"}
D, [2021-08-31T19:07:39.178481 #81960] DEBUG -- : {"userid"=>"issei", "friendid"=>"anami", "i"=>0, "action"=>"speak"}
D, [2021-08-31T19:07:43.543264 #81960] DEBUG -- : {"userid"=>"issei", "friendid"=>"peppe", "i"=>0, "action"=>"speak"}
D, [2021-08-31T19:07:51.398677 #81960] DEBUG -- : {"userid"=>"issei", "friendid"=>"nagaya", "request"=>true, "allow"=>false, "i"=>1, "action"=>"speak"}
D, [2021-08-31T19:07:51.552628 #81960] DEBUG -- : #<Friend id: 138, userid: "issei", friendid: "nagaya", request: true, allow: false, roomid: nil, created_at: "2021-08-31 10:07:51.399884000 +0000", updated_at: "2021-08-31 10:07:51.399884000 +0000">
D, [2021-08-31T19:07:51.553288 #81960] DEBUG -- : te
D, [2021-08-31T19:07:51.553644 #81960] DEBUG -- : issei
D, [2021-08-31T19:09:44.342918 #81960] DEBUG -- : {"userid"=>"issei", "friendid"=>"anami", "request"=>true, "allow"=>false, "i"=>1, "action"=>"speak"}
D, [2021-08-31T19:09:44.482331 #81960] DEBUG -- : #<Friend id: 139, userid: "issei", friendid: "anami", request: true, allow: false, roomid: nil, created_at: "2021-08-31 10:09:44.344214000 +0000", updated_at: "2021-08-31 10:09:44.344214000 +0000">
D, [2021-08-31T19:09:44.482726 #81960] DEBUG -- : te
D, [2021-08-31T19:09:44.482926 #81960] DEBUG -- : issei
D, [2021-08-31T19:11:34.728247 #81960] DEBUG -- : {"userid"=>"issei", "friendid"=>"peppe", "request"=>true, "allow"=>false, "i"=>1, "action"=>"speak"}
D, [2021-08-31T19:11:34.848801 #81960] DEBUG -- : #<Friend id: 140, userid: "issei", friendid: "peppe", request: true, allow: false, roomid: nil, created_at: "2021-08-31 10:11:34.733327000 +0000", updated_at: "2021-08-31 10:11:34.733327000 +0000">
D, [2021-08-31T19:11:34.849730 #81960] DEBUG -- : te
D, [2021-08-31T19:11:34.850315 #81960] DEBUG -- : issei
D, [2021-08-31T19:13:23.786519 #81960] DEBUG -- : {"userid"=>"issei", "friendid"=>"anami", "request"=>true, "allow"=>false, "i"=>1, "action"=>"speak"}
D, [2021-08-31T19:13:23.895429 #81960] DEBUG -- : #<Friend id: 141, userid: "issei", friendid: "anami", request: true, allow: false, roomid: nil, created_at: "2021-08-31 10:13:23.787623000 +0000", updated_at: "2021-08-31 10:13:23.787623000 +0000">
D, [2021-08-31T19:13:23.895884 #81960] DEBUG -- : te
D, [2021-08-31T19:13:23.896106 #81960] DEBUG -- : issei
D, [2021-08-31T19:14:08.718895 #81960] DEBUG -- : {"userid"=>"issei", "friendid"=>"peppe", "request"=>true, "allow"=>false, "i"=>1, "action"=>"speak"}
D, [2021-08-31T19:14:08.830835 #81960] DEBUG -- : #<Friend id: 142, userid: "issei", friendid: "peppe", request: true, allow: false, roomid: nil, created_at: "2021-08-31 10:14:08.720741000 +0000", updated_at: "2021-08-31 10:14:08.720741000 +0000">
D, [2021-08-31T19:14:08.831244 #81960] DEBUG -- : te
D, [2021-08-31T19:14:08.831732 #81960] DEBUG -- : issei
D, [2021-08-31T19:14:42.842209 #81960] DEBUG -- : {"userid"=>"issei", "friendid"=>"nagaya", "request"=>true, "allow"=>false, "i"=>1, "action"=>"speak"}
D, [2021-08-31T19:14:42.951322 #81960] DEBUG -- : #<Friend id: 143, userid: "issei", friendid: "nagaya", request: true, allow: false, roomid: nil, created_at: "2021-08-31 10:14:42.843056000 +0000", updated_at: "2021-08-31 10:14:42.843056000 +0000">
D, [2021-08-31T19:14:42.951842 #81960] DEBUG -- : te
D, [2021-08-31T19:14:42.952043 #81960] DEBUG -- : issei
D, [2021-08-31T19:15:32.384414 #81960] DEBUG -- : {"userid"=>"issei", "friendid"=>"anami", "request"=>true, "allow"=>false, "i"=>1, "action"=>"speak"}
D, [2021-08-31T19:15:32.486371 #81960] DEBUG -- : #<Friend id: 144, userid: "issei", friendid: "anami", request: true, allow: false, roomid: nil, created_at: "2021-08-31 10:15:32.385573000 +0000", updated_at: "2021-08-31 10:15:32.385573000 +0000">
D, [2021-08-31T19:15:32.487151 #81960] DEBUG -- : te
D, [2021-08-31T19:15:32.487516 #81960] DEBUG -- : issei
D, [2021-08-31T19:17:06.019507 #81960] DEBUG -- : {"userid"=>"issei", "friendid"=>"peppe", "request"=>true, "allow"=>false, "i"=>1, "action"=>"speak"}
D, [2021-08-31T19:17:06.148219 #81960] DEBUG -- : #<Friend id: 145, userid: "issei", friendid: "peppe", request: true, allow: false, roomid: nil, created_at: "2021-08-31 10:17:06.020774000 +0000", updated_at: "2021-08-31 10:17:06.020774000 +0000">
D, [2021-08-31T19:17:06.148603 #81960] DEBUG -- : te
D, [2021-08-31T19:17:06.148863 #81960] DEBUG -- : issei
D, [2021-08-31T19:17:24.411425 #81960] DEBUG -- : {"userid"=>"issei", "friendid"=>"nagaya", "request"=>true, "allow"=>false, "i"=>1, "action"=>"speak"}
D, [2021-08-31T19:17:24.516800 #81960] DEBUG -- : #<Friend id: 146, userid: "issei", friendid: "nagaya", request: true, allow: false, roomid: nil, created_at: "2021-08-31 10:17:24.412252000 +0000", updated_at: "2021-08-31 10:17:24.412252000 +0000">
D, [2021-08-31T19:17:24.517501 #81960] DEBUG -- : te
D, [2021-08-31T19:17:24.517944 #81960] DEBUG -- : issei
D, [2021-08-31T19:18:21.866861 #81960] DEBUG -- : {"userid"=>"issei", "friendid"=>"nagaya", "request"=>true, "allow"=>false, "i"=>1, "action"=>"speak"}
D, [2021-08-31T19:18:21.973654 #81960] DEBUG -- : #<Friend id: 147, userid: "issei", friendid: "nagaya", request: true, allow: false, roomid: nil, created_at: "2021-08-31 10:18:21.868337000 +0000", updated_at: "2021-08-31 10:18:21.868337000 +0000">
D, [2021-08-31T19:18:21.974522 #81960] DEBUG -- : te
D, [2021-08-31T19:18:21.974888 #81960] DEBUG -- : issei
D, [2021-08-31T19:20:24.568288 #81960] DEBUG -- : {"userid"=>"nagaya", "friendid"=>"anami", "request"=>true, "allow"=>false, "i"=>1, "action"=>"speak"}
D, [2021-08-31T19:20:24.669750 #81960] DEBUG -- : #<Friend id: 148, userid: "nagaya", friendid: "anami", request: true, allow: false, roomid: nil, created_at: "2021-08-31 10:20:24.569400000 +0000", updated_at: "2021-08-31 10:20:24.569400000 +0000">
D, [2021-08-31T19:20:24.670070 #81960] DEBUG -- : te
D, [2021-08-31T19:20:24.670471 #81960] DEBUG -- : nagaya
D, [2021-08-31T19:21:08.900716 #81960] DEBUG -- : {"userid"=>"nagaya", "friendid"=>"anami", "i"=>0, "action"=>"speak"}
D, [2021-08-31T19:21:13.908034 #81960] DEBUG -- : {"userid"=>"nagaya", "friendid"=>"anami", "i"=>0, "action"=>"speak"}
D, [2021-08-31T19:21:21.371256 #81960] DEBUG -- : {"userid"=>"nagaya", "friendid"=>"peppe", "request"=>true, "allow"=>false, "i"=>1, "action"=>"speak"}
D, [2021-08-31T19:21:21.474295 #81960] DEBUG -- : #<Friend id: 149, userid: "nagaya", friendid: "peppe", request: true, allow: false, roomid: nil, created_at: "2021-08-31 10:21:21.372172000 +0000", updated_at: "2021-08-31 10:21:21.372172000 +0000">
D, [2021-08-31T19:21:21.474955 #81960] DEBUG -- : te
D, [2021-08-31T19:21:21.475288 #81960] DEBUG -- : nagaya
D, [2021-08-31T19:21:34.548633 #81960] DEBUG -- : {"userid"=>"nagaya", "friendid"=>"peppe", "i"=>0, "action"=>"speak"}
D, [2021-08-31T19:21:40.443848 #81960] DEBUG -- : {"userid"=>"nagaya", "friendid"=>"anami", "i"=>0, "action"=>"speak"}
D, [2021-08-31T19:23:17.763231 #81960] DEBUG -- : {"userid"=>"nagaya", "friendid"=>"anami", "i"=>0, "action"=>"speak"}
D, [2021-08-31T19:27:53.979761 #81960] DEBUG -- : {"userid"=>"nagaya", "friendid"=>"issei", "request"=>true, "allow"=>false, "i"=>1, "action"=>"speak"}
D, [2021-08-31T19:27:54.108578 #81960] DEBUG -- : #<Friend id: 150, userid: "nagaya", friendid: "issei", request: true, allow: false, roomid: nil, created_at: "2021-08-31 10:27:53.981187000 +0000", updated_at: "2021-08-31 10:27:53.981187000 +0000">
D, [2021-08-31T19:27:54.108944 #81960] DEBUG -- : te
D, [2021-08-31T19:27:54.109194 #81960] DEBUG -- : nagaya
D, [2021-08-31T19:46:13.998439 #39268] DEBUG -- : {"userid"=>"peppe", "friendid"=>"nagaya", "request"=>true, "allow"=>false, "i"=>1, "action"=>"speak"}
D, [2021-08-31T19:46:14.140185 #39268] DEBUG -- : #<Friend id: 151, userid: "peppe", friendid: "nagaya", request: true, allow: false, roomid: nil, created_at: "2021-08-31 10:46:13.999391000 +0000", updated_at: "2021-08-31 10:46:13.999391000 +0000">
D, [2021-08-31T19:46:14.140598 #39268] DEBUG -- : te
D, [2021-08-31T19:46:14.140829 #39268] DEBUG -- : peppe
D, [2021-08-31T19:47:25.325233 #39268] DEBUG -- : {"userid"=>"issei", "friendid"=>"nagaya", "request"=>true, "allow"=>false, "i"=>1, "action"=>"speak"}
D, [2021-08-31T19:47:25.432134 #39268] DEBUG -- : #<Friend id: 152, userid: "issei", friendid: "nagaya", request: true, allow: false, roomid: nil, created_at: "2021-08-31 10:47:25.325753000 +0000", updated_at: "2021-08-31 10:47:25.325753000 +0000">
D, [2021-08-31T19:47:25.432429 #39268] DEBUG -- : te
D, [2021-08-31T19:47:25.432639 #39268] DEBUG -- : issei
D, [2021-08-31T19:48:06.044204 #39268] DEBUG -- : {"userid"=>"nagaya", "friendid"=>"peppe", "request"=>true, "allow"=>false, "i"=>1, "action"=>"speak"}
D, [2021-08-31T19:48:06.392192 #39268] DEBUG -- : #<Friend id: 153, userid: "nagaya", friendid: "peppe", request: true, allow: false, roomid: nil, created_at: "2021-08-31 10:48:06.045829000 +0000", updated_at: "2021-08-31 10:48:06.045829000 +0000">
D, [2021-08-31T19:48:06.393277 #39268] DEBUG -- : te
D, [2021-08-31T19:48:06.393999 #39268] DEBUG -- : nagaya
D, [2021-08-31T19:48:53.769421 #39268] DEBUG -- : {"userid"=>"issei", "friendid"=>"peppe", "request"=>true, "allow"=>false, "i"=>1, "action"=>"speak"}
D, [2021-08-31T19:48:54.617221 #39268] DEBUG -- : #<Friend id: 154, userid: "issei", friendid: "peppe", request: true, allow: false, roomid: nil, created_at: "2021-08-31 10:48:53.771701000 +0000", updated_at: "2021-08-31 10:48:53.771701000 +0000">
D, [2021-08-31T19:48:54.618525 #39268] DEBUG -- : te
D, [2021-08-31T19:48:54.619511 #39268] DEBUG -- : issei
D, [2021-08-31T19:50:26.475156 #21272] DEBUG -- : {"userid"=>"nagaya", "friendid"=>"issei", "request"=>true, "allow"=>false, "i"=>1, "action"=>"speak"}
D, [2021-08-31T19:50:26.738635 #21272] DEBUG -- : #<Friend id: 155, userid: "nagaya", friendid: "issei", request: true, allow: false, roomid: nil, created_at: "2021-08-31 10:50:26.475896000 +0000", updated_at: "2021-08-31 10:50:26.475896000 +0000">
D, [2021-08-31T19:50:26.739704 #21272] DEBUG -- : te
D, [2021-08-31T19:50:26.740039 #21272] DEBUG -- : nagaya
D, [2021-08-31T19:52:41.342227 #21272] DEBUG -- : {"userid"=>"nagaya", "friendid"=>"anami", "request"=>true, "allow"=>false, "i"=>1, "action"=>"speak"}
D, [2021-08-31T19:52:41.440104 #21272] DEBUG -- : #<Friend id: 156, userid: "nagaya", friendid: "anami", request: true, allow: false, roomid: nil, created_at: "2021-08-31 10:52:41.343165000 +0000", updated_at: "2021-08-31 10:52:41.343165000 +0000">
D, [2021-08-31T19:52:41.440935 #21272] DEBUG -- : te
D, [2021-08-31T19:52:41.441329 #21272] DEBUG -- : nagaya
D, [2021-08-31T19:54:08.412482 #21272] DEBUG -- : {"userid"=>"peppe", "friendid"=>"issei", "request"=>true, "allow"=>false, "i"=>1, "action"=>"speak"}
D, [2021-08-31T19:54:08.523788 #21272] DEBUG -- : #<Friend id: 157, userid: "peppe", friendid: "issei", request: true, allow: false, roomid: nil, created_at: "2021-08-31 10:54:08.413328000 +0000", updated_at: "2021-08-31 10:54:08.413328000 +0000">
D, [2021-08-31T19:54:08.524156 #21272] DEBUG -- : te
D, [2021-08-31T19:54:08.524361 #21272] DEBUG -- : peppe
